# JRE version: OpenJDK Runtime Environment Temurin-21.0.7+6 (21.0.7+6) (build 21.0.7+6-LTS)
# Java VM: OpenJDK 64-Bit Server VM Temurin-21.0.7+6 (21.0.7+6-LTS, mixed mode, sharing, tiered, compressed oops, compressed class ptrs, parallel gc, windows-amd64)
GC Precious Log:
 CardTable entry size: 512
 CPUs: 4 total, 4 available
 Memory: 7926M
 Large Page Support: Disabled
 NUMA Support: Disabled
 Compressed Oops: Enabled (32-bit)
 Alignments: Space 512K, Generation 512K, Heap 2M
 Heap Min Capacity: 100M
 Heap Initial Capacity: 100M
 Heap Max Capacity: 2G
 Pre-touch: Disabled
 Parallel Workers: 4
Heap:
 PSYoungGen      total 9728K, used 8402K [0x00000000d5580000, 0x00000000d6100000, 0x0000000100000000)
  eden space 9216K, 87% used [0x00000000d5580000,0x00000000d5d5d090,0x00000000d5e80000)
  from space 512K, 68% used [0x00000000d6080000,0x00000000d60d79b0,0x00000000d6100000)
  to   space 512K, 0% used [0x00000000d6000000,0x00000000d6000000,0x00000000d6080000)
 ParOldGen       total 250880K, used 250718K [0x0000000080000000, 0x000000008f500000, 0x00000000d5580000)
  object space 250880K, 99% used [0x0000000080000000,0x000000008f4d78a8,0x000000008f500000)
 Metaspace       used 69040K, committed 70720K, reserved 1114112K
  class space    used 6867K, committed 7616K, reserved 1048576K
GC Heap History (20 events):
Event: 167.995 GC heap before
{Heap before GC invocations=1340 (full 7):
 PSYoungGen      total 9728K, used 9456K [0x00000000d5580000, 0x00000000d6180000, 0x0000000100000000)
  eden space 9216K, 100% used [0x00000000d5580000,0x00000000d5e80000,0x00000000d5e80000)
  from space 512K, 46% used [0x00000000d6100000,0x00000000d613c0d0,0x00000000d6180000)
  to   space 512K, 0% used [0x00000000d5e80000,0x00000000d5e80000,0x00000000d5f00000)
 ParOldGen       total 248832K, used 248823K [0x0000000080000000, 0x000000008f300000, 0x00000000d5580000)
  object space 248832K, 99% used [0x0000000080000000,0x000000008f2fde50,0x000000008f300000)
 Metaspace       used 69033K, committed 70720K, reserved 1114112K
  class space    used 6866K, committed 7616K, reserved 1048576K
}
Event: 167.998 GC heap after
{Heap after GC invocations=1340 (full 7):
 PSYoungGen      total 9728K, used 253K [0x00000000d5580000, 0x00000000d6180000, 0x0000000100000000)
  eden space 9216K, 0% used [0x00000000d5580000,0x00000000d5580000,0x00000000d5e80000)
  from space 512K, 49% used [0x00000000d5e80000,0x00000000d5ebf538,0x00000000d5f00000)
  to   space 512K, 0% used [0x00000000d6100000,0x00000000d6100000,0x00000000d6180000)
 ParOldGen       total 249344K, used 248919K [0x0000000080000000, 0x000000008f380000, 0x00000000d5580000)
  object space 249344K, 99% used [0x0000000080000000,0x000000008f315e50,0x000000008f380000)
 Metaspace       used 69033K, committed 70720K, reserved 1114112K
  class space    used 6866K, committed 7616K, reserved 1048576K
}
Event: 168.033 GC heap before
{Heap before GC invocations=1341 (full 7):
 PSYoungGen      total 9728K, used 9469K [0x00000000d5580000, 0x00000000d6180000, 0x0000000100000000)
  eden space 9216K, 100% used [0x00000000d5580000,0x00000000d5e80000,0x00000000d5e80000)
  from space 512K, 49% used [0x00000000d5e80000,0x00000000d5ebf538,0x00000000d5f00000)
  to   space 512K, 0% used [0x00000000d6100000,0x00000000d6100000,0x00000000d6180000)
 ParOldGen       total 249344K, used 248919K [0x0000000080000000, 0x000000008f380000, 0x00000000d5580000)
  object space 249344K, 99% used [0x0000000080000000,0x000000008f315e50,0x000000008f380000)
 Metaspace       used 69034K, committed 70720K, reserved 1114112K
  class space    used 6866K, committed 7616K, reserved 1048576K
}
Event: 168.034 GC heap after
{Heap after GC invocations=1341 (full 7):
 PSYoungGen      total 9728K, used 224K [0x00000000d5580000, 0x00000000d6180000, 0x0000000100000000)
  eden space 9216K, 0% used [0x00000000d5580000,0x00000000d5580000,0x00000000d5e80000)
  from space 512K, 43% used [0x00000000d6100000,0x00000000d6138000,0x00000000d6180000)
  to   space 512K, 0% used [0x00000000d5e80000,0x00000000d5e80000,0x00000000d5f00000)
 ParOldGen       total 249344K, used 249023K [0x0000000080000000, 0x000000008f380000, 0x00000000d5580000)
  object space 249344K, 99% used [0x0000000080000000,0x000000008f32fe50,0x000000008f380000)
 Metaspace       used 69034K, committed 70720K, reserved 1114112K
  class space    used 6866K, committed 7616K, reserved 1048576K
}
Event: 168.060 GC heap before
{Heap before GC invocations=1342 (full 7):
 PSYoungGen      total 9728K, used 9440K [0x00000000d5580000, 0x00000000d6180000, 0x0000000100000000)
  eden space 9216K, 100% used [0x00000000d5580000,0x00000000d5e80000,0x00000000d5e80000)
  from space 512K, 43% used [0x00000000d6100000,0x00000000d6138000,0x00000000d6180000)
  to   space 512K, 0% used [0x00000000d5e80000,0x00000000d5e80000,0x00000000d5f00000)
 ParOldGen       total 249344K, used 249023K [0x0000000080000000, 0x000000008f380000, 0x00000000d5580000)
  object space 249344K, 99% used [0x0000000080000000,0x000000008f32fe50,0x000000008f380000)
 Metaspace       used 69035K, committed 70720K, reserved 1114112K
  class space    used 6866K, committed 7616K, reserved 1048576K
}
Event: 168.063 GC heap after
{Heap after GC invocations=1342 (full 7):
 PSYoungGen      total 9728K, used 185K [0x00000000d5580000, 0x00000000d6180000, 0x0000000100000000)
  eden space 9216K, 0% used [0x00000000d5580000,0x00000000d5580000,0x00000000d5e80000)
  from space 512K, 36% used [0x00000000d5e80000,0x00000000d5eae528,0x00000000d5f00000)
  to   space 512K, 0% used [0x00000000d6100000,0x00000000d6100000,0x00000000d6180000)
 ParOldGen       total 249344K, used 249143K [0x0000000080000000, 0x000000008f380000, 0x00000000d5580000)
  object space 249344K, 99% used [0x0000000080000000,0x000000008f34de50,0x000000008f380000)
 Metaspace       used 69035K, committed 70720K, reserved 1114112K
  class space    used 6866K, committed 7616K, reserved 1048576K
}
Event: 168.117 GC heap before
{Heap before GC invocations=1343 (full 7):
 PSYoungGen      total 9728K, used 9401K [0x00000000d5580000, 0x00000000d6180000, 0x0000000100000000)
  eden space 9216K, 100% used [0x00000000d5580000,0x00000000d5e80000,0x00000000d5e80000)
  from space 512K, 36% used [0x00000000d5e80000,0x00000000d5eae528,0x00000000d5f00000)
  to   space 512K, 0% used [0x00000000d6100000,0x00000000d6100000,0x00000000d6180000)
 ParOldGen       total 249344K, used 249143K [0x0000000080000000, 0x000000008f380000, 0x00000000d5580000)
  object space 249344K, 99% used [0x0000000080000000,0x000000008f34de50,0x000000008f380000)
 Metaspace       used 69035K, committed 70720K, reserved 1114112K
  class space    used 6866K, committed 7616K, reserved 1048576K
}
Event: 168.119 GC heap after
{Heap after GC invocations=1343 (full 7):
 PSYoungGen      total 9728K, used 192K [0x00000000d5580000, 0x00000000d6180000, 0x0000000100000000)
  eden space 9216K, 0% used [0x00000000d5580000,0x00000000d5580000,0x00000000d5e80000)
  from space 512K, 37% used [0x00000000d6100000,0x00000000d6130000,0x00000000d6180000)
  to   space 512K, 0% used [0x00000000d5e80000,0x00000000d5e80000,0x00000000d5f00000)
 ParOldGen       total 249344K, used 249207K [0x0000000080000000, 0x000000008f380000, 0x00000000d5580000)
  object space 249344K, 99% used [0x0000000080000000,0x000000008f35de50,0x000000008f380000)
 Metaspace       used 69035K, committed 70720K, reserved 1114112K
  class space    used 6866K, committed 7616K, reserved 1048576K
}
Event: 168.178 GC heap before
{Heap before GC invocations=1344 (full 7):
 PSYoungGen      total 9728K, used 9408K [0x00000000d5580000, 0x00000000d6180000, 0x0000000100000000)
  eden space 9216K, 100% used [0x00000000d5580000,0x00000000d5e80000,0x00000000d5e80000)
  from space 512K, 37% used [0x00000000d6100000,0x00000000d6130000,0x00000000d6180000)
  to   space 512K, 0% used [0x00000000d5e80000,0x00000000d5e80000,0x00000000d5f00000)
 ParOldGen       total 249344K, used 249207K [0x0000000080000000, 0x000000008f380000, 0x00000000d5580000)
  object space 249344K, 99% used [0x0000000080000000,0x000000008f35de50,0x000000008f380000)
 Metaspace       used 69036K, committed 70720K, reserved 1114112K
  class space    used 6866K, committed 7616K, reserved 1048576K
}
Event: 168.179 GC heap after
{Heap after GC invocations=1344 (full 7):
 PSYoungGen      total 9728K, used 375K [0x00000000d5580000, 0x00000000d6180000, 0x0000000100000000)
  eden space 9216K, 0% used [0x00000000d5580000,0x00000000d5580000,0x00000000d5e80000)
  from space 512K, 73% used [0x00000000d5e80000,0x00000000d5eddfe0,0x00000000d5f00000)
  to   space 512K, 0% used [0x00000000d6100000,0x00000000d6100000,0x00000000d6180000)
 ParOldGen       total 249856K, used 249351K [0x0000000080000000, 0x000000008f400000, 0x00000000d5580000)
  object space 249856K, 99% used [0x0000000080000000,0x000000008f381e50,0x000000008f400000)
 Metaspace       used 69036K, committed 70720K, reserved 1114112K
  class space    used 6866K, committed 7616K, reserved 1048576K
}
Event: 168.261 GC heap before
{Heap before GC invocations=1345 (full 7):
 PSYoungGen      total 9728K, used 9591K [0x00000000d5580000, 0x00000000d6180000, 0x0000000100000000)
  eden space 9216K, 100% used [0x00000000d5580000,0x00000000d5e80000,0x00000000d5e80000)
  from space 512K, 73% used [0x00000000d5e80000,0x00000000d5eddfe0,0x00000000d5f00000)
  to   space 512K, 0% used [0x00000000d6100000,0x00000000d6100000,0x00000000d6180000)
 ParOldGen       total 249856K, used 249351K [0x0000000080000000, 0x000000008f400000, 0x00000000d5580000)
  object space 249856K, 99% used [0x0000000080000000,0x000000008f381e50,0x000000008f400000)
 Metaspace       used 69036K, committed 70720K, reserved 1114112K
  class space    used 6866K, committed 7616K, reserved 1048576K
}
Event: 168.263 GC heap after
{Heap after GC invocations=1345 (full 7):
 PSYoungGen      total 9728K, used 508K [0x00000000d5580000, 0x00000000d6180000, 0x0000000100000000)
  eden space 9216K, 0% used [0x00000000d5580000,0x00000000d5580000,0x00000000d5e80000)
  from space 512K, 99% used [0x00000000d6100000,0x00000000d617f0a8,0x00000000d6180000)
  to   space 1024K, 0% used [0x00000000d5f80000,0x00000000d5f80000,0x00000000d6080000)
 ParOldGen       total 249856K, used 249575K [0x0000000080000000, 0x000000008f400000, 0x00000000d5580000)
  object space 249856K, 99% used [0x0000000080000000,0x000000008f3b9e50,0x000000008f400000)
 Metaspace       used 69036K, committed 70720K, reserved 1114112K
  class space    used 6866K, committed 7616K, reserved 1048576K
}
Event: 168.341 GC heap before
{Heap before GC invocations=1346 (full 7):
 PSYoungGen      total 9728K, used 9724K [0x00000000d5580000, 0x00000000d6180000, 0x0000000100000000)
  eden space 9216K, 100% used [0x00000000d5580000,0x00000000d5e80000,0x00000000d5e80000)
  from space 512K, 99% used [0x00000000d6100000,0x00000000d617f0a8,0x00000000d6180000)
  to   space 1024K, 0% used [0x00000000d5f80000,0x00000000d5f80000,0x00000000d6080000)
 ParOldGen       total 249856K, used 249575K [0x0000000080000000, 0x000000008f400000, 0x00000000d5580000)
  object space 249856K, 99% used [0x0000000080000000,0x000000008f3b9e50,0x000000008f400000)
 Metaspace       used 69037K, committed 70720K, reserved 1114112K
  class space    used 6866K, committed 7616K, reserved 1048576K
}
Event: 168.342 GC heap after
{Heap after GC invocations=1346 (full 7):
 PSYoungGen      total 10240K, used 508K [0x00000000d5580000, 0x00000000d6180000, 0x0000000100000000)
  eden space 9216K, 0% used [0x00000000d5580000,0x00000000d5580000,0x00000000d5e80000)
  from space 1024K, 49% used [0x00000000d5f80000,0x00000000d5fff3a0,0x00000000d6080000)
  to   space 1024K, 0% used [0x00000000d6080000,0x00000000d6080000,0x00000000d6180000)
 ParOldGen       total 250368K, used 249963K [0x0000000080000000, 0x000000008f480000, 0x00000000d5580000)
  object space 250368K, 99% used [0x0000000080000000,0x000000008f41ae60,0x000000008f480000)
 Metaspace       used 69037K, committed 70720K, reserved 1114112K
  class space    used 6866K, committed 7616K, reserved 1048576K
}
Event: 168.374 GC heap before
{Heap before GC invocations=1347 (full 7):
 PSYoungGen      total 10240K, used 9724K [0x00000000d5580000, 0x00000000d6180000, 0x0000000100000000)
  eden space 9216K, 100% used [0x00000000d5580000,0x00000000d5e80000,0x00000000d5e80000)
  from space 1024K, 49% used [0x00000000d5f80000,0x00000000d5fff3a0,0x00000000d6080000)
  to   space 1024K, 0% used [0x00000000d6080000,0x00000000d6080000,0x00000000d6180000)
 ParOldGen       total 250368K, used 249963K [0x0000000080000000, 0x000000008f480000, 0x00000000d5580000)
  object space 250368K, 99% used [0x0000000080000000,0x000000008f41ae60,0x000000008f480000)
 Metaspace       used 69037K, committed 70720K, reserved 1114112K
  class space    used 6866K, committed 7616K, reserved 1048576K
}
Event: 168.376 GC heap after
{Heap after GC invocations=1347 (full 7):
 PSYoungGen      total 9728K, used 366K [0x00000000d5580000, 0x00000000d6100000, 0x0000000100000000)
  eden space 9216K, 0% used [0x00000000d5580000,0x00000000d5580000,0x00000000d5e80000)
  from space 512K, 71% used [0x00000000d6080000,0x00000000d60db8c0,0x00000000d6100000)
  to   space 512K, 0% used [0x00000000d6000000,0x00000000d6000000,0x00000000d6080000)
 ParOldGen       total 250368K, used 250302K [0x0000000080000000, 0x000000008f480000, 0x00000000d5580000)
  object space 250368K, 99% used [0x0000000080000000,0x000000008f46f9f8,0x000000008f480000)
 Metaspace       used 69037K, committed 70720K, reserved 1114112K
  class space    used 6866K, committed 7616K, reserved 1048576K
}
Event: 168.402 GC heap before
{Heap before GC invocations=1348 (full 7):
 PSYoungGen      total 9728K, used 9582K [0x00000000d5580000, 0x00000000d6100000, 0x0000000100000000)
  eden space 9216K, 100% used [0x00000000d5580000,0x00000000d5e80000,0x00000000d5e80000)
  from space 512K, 71% used [0x00000000d6080000,0x00000000d60db8c0,0x00000000d6100000)
  to   space 512K, 0% used [0x00000000d6000000,0x00000000d6000000,0x00000000d6080000)
 ParOldGen       total 250368K, used 250302K [0x0000000080000000, 0x000000008f480000, 0x00000000d5580000)
  object space 250368K, 99% used [0x0000000080000000,0x000000008f46f9f8,0x000000008f480000)
 Metaspace       used 69037K, committed 70720K, reserved 1114112K
  class space    used 6866K, committed 7616K, reserved 1048576K
}
Event: 168.403 GC heap after
{Heap after GC invocations=1348 (full 7):
 PSYoungGen      total 9728K, used 430K [0x00000000d5580000, 0x00000000d6100000, 0x0000000100000000)
  eden space 9216K, 0% used [0x00000000d5580000,0x00000000d5580000,0x00000000d5e80000)
  from space 512K, 84% used [0x00000000d6000000,0x00000000d606ba20,0x00000000d6080000)
  to   space 512K, 0% used [0x00000000d6080000,0x00000000d6080000,0x00000000d6100000)
 ParOldGen       total 250880K, used 250495K [0x0000000080000000, 0x000000008f500000, 0x00000000d5580000)
  object space 250880K, 99% used [0x0000000080000000,0x000000008f49fc78,0x000000008f500000)
 Metaspace       used 69037K, committed 70720K, reserved 1114112K
  class space    used 6866K, committed 7616K, reserved 1048576K
}
Event: 168.424 GC heap before
{Heap before GC invocations=1349 (full 7):
 PSYoungGen      total 9728K, used 9646K [0x00000000d5580000, 0x00000000d6100000, 0x0000000100000000)
  eden space 9216K, 100% used [0x00000000d5580000,0x00000000d5e80000,0x00000000d5e80000)
  from space 512K, 84% used [0x00000000d6000000,0x00000000d606ba20,0x00000000d6080000)
  to   space 512K, 0% used [0x00000000d6080000,0x00000000d6080000,0x00000000d6100000)
 ParOldGen       total 250880K, used 250495K [0x0000000080000000, 0x000000008f500000, 0x00000000d5580000)
  object space 250880K, 99% used [0x0000000080000000,0x000000008f49fc78,0x000000008f500000)
 Metaspace       used 69037K, committed 70720K, reserved 1114112K
  class space    used 6866K, committed 7616K, reserved 1048576K
}
Event: 168.426 GC heap after
{Heap after GC invocations=1349 (full 7):
 PSYoungGen      total 9728K, used 350K [0x00000000d5580000, 0x00000000d6100000, 0x0000000100000000)
  eden space 9216K, 0% used [0x00000000d5580000,0x00000000d5580000,0x00000000d5e80000)
  from space 512K, 68% used [0x00000000d6080000,0x00000000d60d79b0,0x00000000d6100000)
  to   space 512K, 0% used [0x00000000d6000000,0x00000000d6000000,0x00000000d6080000)
 ParOldGen       total 250880K, used 250718K [0x0000000080000000, 0x000000008f500000, 0x00000000d5580000)
  object space 250880K, 99% used [0x0000000080000000,0x000000008f4d78a8,0x000000008f500000)
 Metaspace       used 69037K, committed 70720K, reserved 1114112K
  class space    used 6866K, committed 7616K, reserved 1048576K
}

