# JRE version: OpenJDK Runtime Environment Temurin-21.0.7+6 (21.0.7+6) (build 21.0.7+6-LTS)
# Java VM: OpenJDK 64-Bit Server VM Temurin-21.0.7+6 (21.0.7+6-LTS, mixed mode, sharing, tiered, compressed oops, compressed class ptrs, parallel gc, windows-amd64)
GC Precious Log:
 CardTable entry size: 512
 CPUs: 4 total, 4 available
 Memory: 7926M
 Large Page Support: Disabled
 NUMA Support: Disabled
 Compressed Oops: Enabled (32-bit)
 Alignments: Space 512K, Generation 512K, Heap 2M
 Heap Min Capacity: 100M
 Heap Initial Capacity: 100M
 Heap Max Capacity: 2G
 Pre-touch: Disabled
 Parallel Workers: 4
Heap:
 PSYoungGen      total 4608K, used 2626K [0x00000000d5580000, 0x00000000d5e80000, 0x0000000100000000)
  eden space 4096K, 52% used [0x00000000d5580000,0x00000000d5794b58,0x00000000d5980000)
  from space 512K, 96% used [0x00000000d5e00000,0x00000000d5e7c010,0x00000000d5e80000)
  to   space 1536K, 0% used [0x00000000d5b80000,0x00000000d5b80000,0x00000000d5d00000)
 ParOldGen       total 284160K, used 283983K [0x0000000080000000, 0x0000000091580000, 0x00000000d5580000)
  object space 284160K, 99% used [0x0000000080000000,0x0000000091553cc0,0x0000000091580000)
 Metaspace       used 94350K, committed 96000K, reserved 1179648K
  class space    used 9253K, committed 9984K, reserved 1048576K
GC Heap History (20 events):
Event: 51940.553 GC heap before
{Heap before GC invocations=4124 (full 7):
 PSYoungGen      total 5120K, used 4703K [0x00000000d5580000, 0x00000000d5b80000, 0x0000000100000000)
  eden space 4096K, 99% used [0x00000000d5580000,0x00000000d597ffb8,0x00000000d5980000)
  from space 1024K, 59% used [0x00000000d5a80000,0x00000000d5b18000,0x00000000d5b80000)
  to   space 1024K, 0% used [0x00000000d5980000,0x00000000d5980000,0x00000000d5a80000)
 ParOldGen       total 272896K, used 272752K [0x0000000080000000, 0x0000000090a80000, 0x00000000d5580000)
  object space 272896K, 99% used [0x0000000080000000,0x0000000090a5c330,0x0000000090a80000)
 Metaspace       used 94347K, committed 96000K, reserved 1179648K
  class space    used 9253K, committed 9984K, reserved 1048576K
}
Event: 51940.557 GC heap after
{Heap after GC invocations=4124 (full 7):
 PSYoungGen      total 5120K, used 1003K [0x00000000d5580000, 0x00000000d6180000, 0x0000000100000000)
  eden space 4096K, 0% used [0x00000000d5580000,0x00000000d5580000,0x00000000d5980000)
  from space 1024K, 98% used [0x00000000d5980000,0x00000000d5a7af60,0x00000000d5a80000)
  to   space 4096K, 0% used [0x00000000d5d80000,0x00000000d5d80000,0x00000000d6180000)
 ParOldGen       total 275456K, used 275187K [0x0000000080000000, 0x0000000090d00000, 0x00000000d5580000)
  object space 275456K, 99% used [0x0000000080000000,0x0000000090cbcec0,0x0000000090d00000)
 Metaspace       used 94347K, committed 96000K, reserved 1179648K
  class space    used 9253K, committed 9984K, reserved 1048576K
}
Event: 51940.578 GC heap before
{Heap before GC invocations=4125 (full 7):
 PSYoungGen      total 5120K, used 5099K [0x00000000d5580000, 0x00000000d6180000, 0x0000000100000000)
  eden space 4096K, 100% used [0x00000000d5580000,0x00000000d5980000,0x00000000d5980000)
  from space 1024K, 98% used [0x00000000d5980000,0x00000000d5a7af60,0x00000000d5a80000)
  to   space 4096K, 0% used [0x00000000d5d80000,0x00000000d5d80000,0x00000000d6180000)
 ParOldGen       total 275456K, used 275187K [0x0000000080000000, 0x0000000090d00000, 0x00000000d5580000)
  object space 275456K, 99% used [0x0000000080000000,0x0000000090cbcec0,0x0000000090d00000)
 Metaspace       used 94347K, committed 96000K, reserved 1179648K
  class space    used 9253K, committed 9984K, reserved 1048576K
}
Event: 51940.585 GC heap after
{Heap after GC invocations=4125 (full 7):
 PSYoungGen      total 6144K, used 1568K [0x00000000d5580000, 0x00000000d5f80000, 0x0000000100000000)
  eden space 4096K, 0% used [0x00000000d5580000,0x00000000d5580000,0x00000000d5980000)
  from space 2048K, 76% used [0x00000000d5d80000,0x00000000d5f08000,0x00000000d5f80000)
  to   space 2560K, 0% used [0x00000000d5a80000,0x00000000d5a80000,0x00000000d5d00000)
 ParOldGen       total 276480K, used 276215K [0x0000000080000000, 0x0000000090e00000, 0x00000000d5580000)
  object space 276480K, 99% used [0x0000000080000000,0x0000000090dbde20,0x0000000090e00000)
 Metaspace       used 94347K, committed 96000K, reserved 1179648K
  class space    used 9253K, committed 9984K, reserved 1048576K
}
Event: 51940.636 GC heap before
{Heap before GC invocations=4126 (full 7):
 PSYoungGen      total 6144K, used 5664K [0x00000000d5580000, 0x00000000d5f80000, 0x0000000100000000)
  eden space 4096K, 100% used [0x00000000d5580000,0x00000000d5980000,0x00000000d5980000)
  from space 2048K, 76% used [0x00000000d5d80000,0x00000000d5f08000,0x00000000d5f80000)
  to   space 2560K, 0% used [0x00000000d5a80000,0x00000000d5a80000,0x00000000d5d00000)
 ParOldGen       total 276480K, used 276215K [0x0000000080000000, 0x0000000090e00000, 0x00000000d5580000)
  object space 276480K, 99% used [0x0000000080000000,0x0000000090dbde20,0x0000000090e00000)
 Metaspace       used 94347K, committed 96000K, reserved 1179648K
  class space    used 9253K, committed 9984K, reserved 1048576K
}
Event: 51940.639 GC heap after
{Heap after GC invocations=4126 (full 7):
 PSYoungGen      total 6656K, used 409K [0x00000000d5580000, 0x00000000d5e00000, 0x0000000100000000)
  eden space 4096K, 0% used [0x00000000d5580000,0x00000000d5580000,0x00000000d5980000)
  from space 2560K, 15% used [0x00000000d5a80000,0x00000000d5ae6410,0x00000000d5d00000)
  to   space 1024K, 0% used [0x00000000d5d00000,0x00000000d5d00000,0x00000000d5e00000)
 ParOldGen       total 278016K, used 277751K [0x0000000080000000, 0x0000000090f80000, 0x00000000d5580000)
  object space 278016K, 99% used [0x0000000080000000,0x0000000090f3de20,0x0000000090f80000)
 Metaspace       used 94347K, committed 96000K, reserved 1179648K
  class space    used 9253K, committed 9984K, reserved 1048576K
}
Event: 51940.752 GC heap before
{Heap before GC invocations=4127 (full 7):
 PSYoungGen      total 6656K, used 4505K [0x00000000d5580000, 0x00000000d5e00000, 0x0000000100000000)
  eden space 4096K, 100% used [0x00000000d5580000,0x00000000d5980000,0x00000000d5980000)
  from space 2560K, 15% used [0x00000000d5a80000,0x00000000d5ae6410,0x00000000d5d00000)
  to   space 1024K, 0% used [0x00000000d5d00000,0x00000000d5d00000,0x00000000d5e00000)
 ParOldGen       total 278016K, used 277751K [0x0000000080000000, 0x0000000090f80000, 0x00000000d5580000)
  object space 278016K, 99% used [0x0000000080000000,0x0000000090f3de20,0x0000000090f80000)
 Metaspace       used 94347K, committed 96000K, reserved 1179648K
  class space    used 9253K, committed 9984K, reserved 1048576K
}
Event: 51940.753 GC heap after
{Heap after GC invocations=4127 (full 7):
 PSYoungGen      total 5120K, used 779K [0x00000000d5580000, 0x00000000d5e00000, 0x0000000100000000)
  eden space 4096K, 0% used [0x00000000d5580000,0x00000000d5580000,0x00000000d5980000)
  from space 1024K, 76% used [0x00000000d5d00000,0x00000000d5dc2f60,0x00000000d5e00000)
  to   space 1024K, 0% used [0x00000000d5c00000,0x00000000d5c00000,0x00000000d5d00000)
 ParOldGen       total 278528K, used 278120K [0x0000000080000000, 0x0000000091000000, 0x00000000d5580000)
  object space 278528K, 99% used [0x0000000080000000,0x0000000090f9a240,0x0000000091000000)
 Metaspace       used 94347K, committed 96000K, reserved 1179648K
  class space    used 9253K, committed 9984K, reserved 1048576K
}
Event: 51940.765 GC heap before
{Heap before GC invocations=4128 (full 7):
 PSYoungGen      total 5120K, used 4875K [0x00000000d5580000, 0x00000000d5e00000, 0x0000000100000000)
  eden space 4096K, 99% used [0x00000000d5580000,0x00000000d597fff8,0x00000000d5980000)
  from space 1024K, 76% used [0x00000000d5d00000,0x00000000d5dc2f60,0x00000000d5e00000)
  to   space 1024K, 0% used [0x00000000d5c00000,0x00000000d5c00000,0x00000000d5d00000)
 ParOldGen       total 278528K, used 278120K [0x0000000080000000, 0x0000000091000000, 0x00000000d5580000)
  object space 278528K, 99% used [0x0000000080000000,0x0000000090f9a240,0x0000000091000000)
 Metaspace       used 94347K, committed 96000K, reserved 1179648K
  class space    used 9253K, committed 9984K, reserved 1048576K
}
Event: 51940.769 GC heap after
{Heap after GC invocations=4128 (full 7):
 PSYoungGen      total 5120K, used 1024K [0x00000000d5580000, 0x00000000d6380000, 0x0000000100000000)
  eden space 4096K, 0% used [0x00000000d5580000,0x00000000d5580000,0x00000000d5980000)
  from space 1024K, 100% used [0x00000000d5c00000,0x00000000d5d00000,0x00000000d5d00000)
  to   space 5120K, 0% used [0x00000000d5e80000,0x00000000d5e80000,0x00000000d6380000)
 ParOldGen       total 281600K, used 281234K [0x0000000080000000, 0x0000000091300000, 0x00000000d5580000)
  object space 281600K, 99% used [0x0000000080000000,0x00000000912a4950,0x0000000091300000)
 Metaspace       used 94347K, committed 96000K, reserved 1179648K
  class space    used 9253K, committed 9984K, reserved 1048576K
}
Event: 51941.132 GC heap before
{Heap before GC invocations=4129 (full 7):
 PSYoungGen      total 5120K, used 5120K [0x00000000d5580000, 0x00000000d6380000, 0x0000000100000000)
  eden space 4096K, 100% used [0x00000000d5580000,0x00000000d5980000,0x00000000d5980000)
  from space 1024K, 100% used [0x00000000d5c00000,0x00000000d5d00000,0x00000000d5d00000)
  to   space 5120K, 0% used [0x00000000d5e80000,0x00000000d5e80000,0x00000000d6380000)
 ParOldGen       total 281600K, used 281234K [0x0000000080000000, 0x0000000091300000, 0x00000000d5580000)
  object space 281600K, 99% used [0x0000000080000000,0x00000000912a4950,0x0000000091300000)
 Metaspace       used 94348K, committed 96000K, reserved 1179648K
  class space    used 9253K, committed 9984K, reserved 1048576K
}
Event: 51941.136 GC heap after
{Heap after GC invocations=4129 (full 7):
 PSYoungGen      total 4608K, used 320K [0x00000000d5580000, 0x00000000d5f00000, 0x0000000100000000)
  eden space 4096K, 0% used [0x00000000d5580000,0x00000000d5580000,0x00000000d5980000)
  from space 512K, 62% used [0x00000000d5e80000,0x00000000d5ed0000,0x00000000d5f00000)
  to   space 2048K, 0% used [0x00000000d5b00000,0x00000000d5b00000,0x00000000d5d00000)
 ParOldGen       total 282624K, used 282274K [0x0000000080000000, 0x0000000091400000, 0x00000000d5580000)
  object space 282624K, 99% used [0x0000000080000000,0x00000000913a8950,0x0000000091400000)
 Metaspace       used 94348K, committed 96000K, reserved 1179648K
  class space    used 9253K, committed 9984K, reserved 1048576K
}
Event: 51941.146 GC heap before
{Heap before GC invocations=4130 (full 7):
 PSYoungGen      total 4608K, used 4416K [0x00000000d5580000, 0x00000000d5f00000, 0x0000000100000000)
  eden space 4096K, 100% used [0x00000000d5580000,0x00000000d5980000,0x00000000d5980000)
  from space 512K, 62% used [0x00000000d5e80000,0x00000000d5ed0000,0x00000000d5f00000)
  to   space 2048K, 0% used [0x00000000d5b00000,0x00000000d5b00000,0x00000000d5d00000)
 ParOldGen       total 282624K, used 282274K [0x0000000080000000, 0x0000000091400000, 0x00000000d5580000)
  object space 282624K, 99% used [0x0000000080000000,0x00000000913a8950,0x0000000091400000)
 Metaspace       used 94348K, committed 96000K, reserved 1179648K
  class space    used 9253K, committed 9984K, reserved 1048576K
}
Event: 51941.149 GC heap after
{Heap after GC invocations=4130 (full 7):
 PSYoungGen      total 6144K, used 505K [0x00000000d5580000, 0x00000000d5f00000, 0x0000000100000000)
  eden space 4096K, 0% used [0x00000000d5580000,0x00000000d5580000,0x00000000d5980000)
  from space 2048K, 24% used [0x00000000d5b00000,0x00000000d5b7e410,0x00000000d5d00000)
  to   space 1024K, 0% used [0x00000000d5e00000,0x00000000d5e00000,0x00000000d5f00000)
 ParOldGen       total 282624K, used 282478K [0x0000000080000000, 0x0000000091400000, 0x00000000d5580000)
  object space 282624K, 99% used [0x0000000080000000,0x00000000913db960,0x0000000091400000)
 Metaspace       used 94348K, committed 96000K, reserved 1179648K
  class space    used 9253K, committed 9984K, reserved 1048576K
}
Event: 51941.157 GC heap before
{Heap before GC invocations=4131 (full 7):
 PSYoungGen      total 6144K, used 4601K [0x00000000d5580000, 0x00000000d5f00000, 0x0000000100000000)
  eden space 4096K, 100% used [0x00000000d5580000,0x00000000d5980000,0x00000000d5980000)
  from space 2048K, 24% used [0x00000000d5b00000,0x00000000d5b7e410,0x00000000d5d00000)
  to   space 1024K, 0% used [0x00000000d5e00000,0x00000000d5e00000,0x00000000d5f00000)
 ParOldGen       total 282624K, used 282478K [0x0000000080000000, 0x0000000091400000, 0x00000000d5580000)
  object space 282624K, 99% used [0x0000000080000000,0x00000000913db960,0x0000000091400000)
 Metaspace       used 94348K, committed 96000K, reserved 1179648K
  class space    used 9253K, committed 9984K, reserved 1048576K
}
Event: 51941.160 GC heap after
{Heap after GC invocations=4131 (full 7):
 PSYoungGen      total 4608K, used 448K [0x00000000d5580000, 0x00000000d5e80000, 0x0000000100000000)
  eden space 4096K, 0% used [0x00000000d5580000,0x00000000d5580000,0x00000000d5980000)
  from space 512K, 87% used [0x00000000d5e00000,0x00000000d5e70000,0x00000000d5e80000)
  to   space 512K, 0% used [0x00000000d5d80000,0x00000000d5d80000,0x00000000d5e00000)
 ParOldGen       total 283136K, used 282903K [0x0000000080000000, 0x0000000091480000, 0x00000000d5580000)
  object space 283136K, 99% used [0x0000000080000000,0x0000000091445d90,0x0000000091480000)
 Metaspace       used 94348K, committed 96000K, reserved 1179648K
  class space    used 9253K, committed 9984K, reserved 1048576K
}
Event: 51941.171 GC heap before
{Heap before GC invocations=4132 (full 7):
 PSYoungGen      total 4608K, used 4544K [0x00000000d5580000, 0x00000000d5e80000, 0x0000000100000000)
  eden space 4096K, 100% used [0x00000000d5580000,0x00000000d5980000,0x00000000d5980000)
  from space 512K, 87% used [0x00000000d5e00000,0x00000000d5e70000,0x00000000d5e80000)
  to   space 512K, 0% used [0x00000000d5d80000,0x00000000d5d80000,0x00000000d5e00000)
 ParOldGen       total 283136K, used 282903K [0x0000000080000000, 0x0000000091480000, 0x00000000d5580000)
  object space 283136K, 99% used [0x0000000080000000,0x0000000091445d90,0x0000000091480000)
 Metaspace       used 94348K, committed 96000K, reserved 1179648K
  class space    used 9253K, committed 9984K, reserved 1048576K
}
Event: 51941.174 GC heap after
{Heap after GC invocations=4132 (full 7):
 PSYoungGen      total 4608K, used 464K [0x00000000d5580000, 0x00000000d5e80000, 0x0000000100000000)
  eden space 4096K, 0% used [0x00000000d5580000,0x00000000d5580000,0x00000000d5980000)
  from space 512K, 90% used [0x00000000d5d80000,0x00000000d5df4010,0x00000000d5e00000)
  to   space 512K, 0% used [0x00000000d5e00000,0x00000000d5e00000,0x00000000d5e80000)
 ParOldGen       total 283648K, used 283303K [0x0000000080000000, 0x0000000091500000, 0x00000000d5580000)
  object space 283648K, 99% used [0x0000000080000000,0x00000000914a9d90,0x0000000091500000)
 Metaspace       used 94348K, committed 96000K, reserved 1179648K
  class space    used 9253K, committed 9984K, reserved 1048576K
}
Event: 51941.704 GC heap before
{Heap before GC invocations=4133 (full 7):
 PSYoungGen      total 4608K, used 4560K [0x00000000d5580000, 0x00000000d5e80000, 0x0000000100000000)
  eden space 4096K, 100% used [0x00000000d5580000,0x00000000d5980000,0x00000000d5980000)
  from space 512K, 90% used [0x00000000d5d80000,0x00000000d5df4010,0x00000000d5e00000)
  to   space 512K, 0% used [0x00000000d5e00000,0x00000000d5e00000,0x00000000d5e80000)
 ParOldGen       total 283648K, used 283303K [0x0000000080000000, 0x0000000091500000, 0x00000000d5580000)
  object space 283648K, 99% used [0x0000000080000000,0x00000000914a9d90,0x0000000091500000)
 Metaspace       used 94350K, committed 96000K, reserved 1179648K
  class space    used 9253K, committed 9984K, reserved 1048576K
}
Event: 51941.707 GC heap after
{Heap after GC invocations=4133 (full 7):
 PSYoungGen      total 4608K, used 496K [0x00000000d5580000, 0x00000000d5e80000, 0x0000000100000000)
  eden space 4096K, 0% used [0x00000000d5580000,0x00000000d5580000,0x00000000d5980000)
  from space 512K, 96% used [0x00000000d5e00000,0x00000000d5e7c010,0x00000000d5e80000)
  to   space 1536K, 0% used [0x00000000d5b80000,0x00000000d5b80000,0x00000000d5d00000)
 ParOldGen       total 284160K, used 283983K [0x0000000080000000, 0x0000000091580000, 0x00000000d5580000)
  object space 284160K, 99% used [0x0000000080000000,0x0000000091553cc0,0x0000000091580000)
 Metaspace       used 94350K, committed 96000K, reserved 1179648K
  class space    used 9253K, committed 9984K, reserved 1048576K
}

